app/build/intermediates/manifest_merge_blame_file/debug/processDebugMainManifest/manifest-merger-blame-debug-report.txt
1<?xml version="1.0" encoding="utf-8"?>
2<manifest xmlns:android="http://schemas.android.com/apk/res/android"
3    package="com.antozstudios.myapplication"
4    android:versionCode="1"
5    android:versionName="1.0" >
6
7    <uses-sdk
8        android:minSdkVersion="24"
9        android:targetSdkVersion="34" />
10
11    <uses-permission android:name="android.permission.KILL_BACKGROUND_PROCESSES" />
11-->src\main\AndroidManifest.xml:6:5-83
11-->src\main\AndroidManifest.xml:6:22-81
12    <uses-permission android:name="android.permission.INTERNET" />
12-->src\main\AndroidManifest.xml:7:5-66
12-->src\main\AndroidManifest.xml:7:22-64
13    <uses-permission android:name="android.permission.ACCESS_FINE_LOCATION" />
13-->src\main\AndroidManifest.xml:8:5-9:45
13-->src\main\AndroidManifest.xml:8:22-76
14    <uses-permission android:name="android.permission.POST_NOTIFICATIONS" />
14-->src\main\AndroidManifest.xml:13:5-77
14-->src\main\AndroidManifest.xml:13:22-74
15    <uses-permission
15-->src\main\AndroidManifest.xml:14:5-15:38
16        android:name="android.permission.READ_EXTERNAL_STORAGE"
16-->src\main\AndroidManifest.xml:14:22-77
17        android:maxSdkVersion="32" />
17-->src\main\AndroidManifest.xml:15:9-35
18    <uses-permission
18-->src\main\AndroidManifest.xml:16:5-18:40
19        android:name="android.permission.WRITE_EXTERNAL_STORAGE"
19-->src\main\AndroidManifest.xml:16:22-78
20        android:maxSdkVersion="32" />
20-->src\main\AndroidManifest.xml:17:9-35
21    <uses-permission android:name="android.permission.FOREGROUND_SERVICE" />
21-->src\main\AndroidManifest.xml:21:5-77
21-->src\main\AndroidManifest.xml:21:22-74
22    <uses-permission android:name="android.permission.REQUEST_IGNORE_BATTERY_OPTIMIZATIONS" />
22-->src\main\AndroidManifest.xml:22:5-95
22-->src\main\AndroidManifest.xml:22:22-92
23    <uses-permission android:name="android.permission.PACKAGE_USAGE_STATS" />
23-->src\main\AndroidManifest.xml:24:5-26:47
23-->src\main\AndroidManifest.xml:25:9-62
24    <uses-permission android:name="android.permission.QUERY_ALL_PACKAGES" />
24-->src\main\AndroidManifest.xml:27:5-29:53
24-->src\main\AndroidManifest.xml:28:9-61
25
26    <supports-screens
26-->[org.osmdroid:osmdroid-android:6.1.18] AndroidManifest.xml:9:5-12:40
27        android:anyDensity="true"
27-->[org.osmdroid:osmdroid-android:6.1.18] AndroidManifest.xml:10:9-34
28        android:largeScreens="true"
28-->[org.osmdroid:osmdroid-android:6.1.18] AndroidManifest.xml:11:9-36
29        android:normalScreens="true" />
29-->[org.osmdroid:osmdroid-android:6.1.18] AndroidManifest.xml:12:9-37
30
31    <uses-feature
31-->[org.osmdroid:osmdroid-android:6.1.18] AndroidManifest.xml:14:5-16:36
32        android:name="android.hardware.location.network"
32-->[org.osmdroid:osmdroid-android:6.1.18] AndroidManifest.xml:15:9-57
33        android:required="false" />
33-->[org.osmdroid:osmdroid-android:6.1.18] AndroidManifest.xml:16:9-33
34    <uses-feature
34-->[org.osmdroid:osmdroid-android:6.1.18] AndroidManifest.xml:17:5-19:36
35        android:name="android.hardware.location.gps"
35-->[org.osmdroid:osmdroid-android:6.1.18] AndroidManifest.xml:18:9-53
36        android:required="false" />
36-->[org.osmdroid:osmdroid-android:6.1.18] AndroidManifest.xml:19:9-33
37    <uses-feature
37-->[org.osmdroid:osmdroid-android:6.1.18] AndroidManifest.xml:20:5-22:36
38        android:name="android.hardware.telephony"
38-->[org.osmdroid:osmdroid-android:6.1.18] AndroidManifest.xml:21:9-50
39        android:required="false" />
39-->[org.osmdroid:osmdroid-android:6.1.18] AndroidManifest.xml:22:9-33
40    <uses-feature
40-->[org.osmdroid:osmdroid-android:6.1.18] AndroidManifest.xml:23:5-25:36
41        android:name="android.hardware.wifi"
41-->[org.osmdroid:osmdroid-android:6.1.18] AndroidManifest.xml:24:9-45
42        android:required="false" />
42-->[org.osmdroid:osmdroid-android:6.1.18] AndroidManifest.xml:25:9-33
43
44    <permission
44-->[androidx.core:core:1.12.0] AndroidManifest.xml:22:5-24:47
45        android:name="com.antozstudios.myapplication.DYNAMIC_RECEIVER_NOT_EXPORTED_PERMISSION"
45-->[androidx.core:core:1.12.0] AndroidManifest.xml:23:9-81
46        android:protectionLevel="signature" />
46-->[androidx.core:core:1.12.0] AndroidManifest.xml:24:9-44
47
48    <uses-permission android:name="com.antozstudios.myapplication.DYNAMIC_RECEIVER_NOT_EXPORTED_PERMISSION" />
48-->[androidx.core:core:1.12.0] AndroidManifest.xml:26:5-97
48-->[androidx.core:core:1.12.0] AndroidManifest.xml:26:22-94
49
50    <application
50-->src\main\AndroidManifest.xml:31:5-64:19
51        android:allowBackup="true"
51-->src\main\AndroidManifest.xml:32:9-35
52        android:appComponentFactory="androidx.core.app.CoreComponentFactory"
52-->[androidx.core:core:1.12.0] AndroidManifest.xml:28:18-86
53        android:dataExtractionRules="@xml/data_extraction_rules"
53-->src\main\AndroidManifest.xml:33:9-65
54        android:debuggable="true"
55        android:extractNativeLibs="false"
56        android:fullBackupContent="@xml/backup_rules"
56-->src\main\AndroidManifest.xml:34:9-54
57        android:icon="@drawable/icon"
57-->src\main\AndroidManifest.xml:35:9-38
58        android:label="@string/app_name"
58-->src\main\AndroidManifest.xml:36:9-41
59        android:networkSecurityConfig="@xml/network_security_config"
59-->src\main\AndroidManifest.xml:39:9-69
60        android:supportsRtl="true"
60-->src\main\AndroidManifest.xml:37:9-35
61        android:testOnly="true"
62        android:theme="@style/Theme.MyApplication" >
62-->src\main\AndroidManifest.xml:38:9-51
63
64        <!-- Hauptaktivität -->
65        <activity
65-->src\main\AndroidManifest.xml:43:9-51:20
66            android:name="com.antozstudios.myapplication.activities.PermissionActivity"
66-->src\main\AndroidManifest.xml:44:13-58
67            android:exported="true"
67-->src\main\AndroidManifest.xml:45:13-36
68            android:launchMode="singleTask" >
68-->src\main\AndroidManifest.xml:46:13-44
69            <intent-filter>
69-->src\main\AndroidManifest.xml:47:13-50:29
70                <action android:name="android.intent.action.MAIN" />
70-->src\main\AndroidManifest.xml:48:17-69
70-->src\main\AndroidManifest.xml:48:25-66
71
72                <category android:name="android.intent.category.LAUNCHER" />
72-->src\main\AndroidManifest.xml:49:17-77
72-->src\main\AndroidManifest.xml:49:27-74
73            </intent-filter>
74        </activity>
75        <activity
75-->src\main\AndroidManifest.xml:53:9-55:52
76            android:name="com.antozstudios.myapplication.activities.LoginActivity"
76-->src\main\AndroidManifest.xml:54:13-53
77            android:screenOrientation="portrait" />
77-->src\main\AndroidManifest.xml:55:13-49
78        <activity
78-->src\main\AndroidManifest.xml:57:9-59:52
79            android:name="com.antozstudios.myapplication.activities.MainActivity"
79-->src\main\AndroidManifest.xml:58:13-52
80            android:screenOrientation="portrait" />
80-->src\main\AndroidManifest.xml:59:13-49
81
82        <!-- Service -->
83        <service android:name="com.antozstudios.myapplication.activities.CheckAppService" />
83-->src\main\AndroidManifest.xml:62:9-63:57
83-->src\main\AndroidManifest.xml:63:13-55
84
85        <provider
85-->[androidx.emoji2:emoji2:1.3.0] AndroidManifest.xml:24:9-32:20
86            android:name="androidx.startup.InitializationProvider"
86-->[androidx.emoji2:emoji2:1.3.0] AndroidManifest.xml:25:13-67
87            android:authorities="com.antozstudios.myapplication.androidx-startup"
87-->[androidx.emoji2:emoji2:1.3.0] AndroidManifest.xml:26:13-68
88            android:exported="false" >
88-->[androidx.emoji2:emoji2:1.3.0] AndroidManifest.xml:27:13-37
89            <meta-data
89-->[androidx.emoji2:emoji2:1.3.0] AndroidManifest.xml:29:13-31:52
90                android:name="androidx.emoji2.text.EmojiCompatInitializer"
90-->[androidx.emoji2:emoji2:1.3.0] AndroidManifest.xml:30:17-75
91                android:value="androidx.startup" />
91-->[androidx.emoji2:emoji2:1.3.0] AndroidManifest.xml:31:17-49
92            <meta-data
92-->[androidx.lifecycle:lifecycle-process:2.6.1] AndroidManifest.xml:29:13-31:52
93                android:name="androidx.lifecycle.ProcessLifecycleInitializer"
93-->[androidx.lifecycle:lifecycle-process:2.6.1] AndroidManifest.xml:30:17-78
94                android:value="androidx.startup" />
94-->[androidx.lifecycle:lifecycle-process:2.6.1] AndroidManifest.xml:31:17-49
95            <meta-data
95-->[androidx.profileinstaller:profileinstaller:1.3.0] AndroidManifest.xml:29:13-31:52
96                android:name="androidx.profileinstaller.ProfileInstallerInitializer"
96-->[androidx.profileinstaller:profileinstaller:1.3.0] AndroidManifest.xml:30:17-85
97                android:value="androidx.startup" />
97-->[androidx.profileinstaller:profileinstaller:1.3.0] AndroidManifest.xml:31:17-49
98        </provider>
99
100        <receiver
100-->[androidx.profileinstaller:profileinstaller:1.3.0] AndroidManifest.xml:34:9-52:20
101            android:name="androidx.profileinstaller.ProfileInstallReceiver"
101-->[androidx.profileinstaller:profileinstaller:1.3.0] AndroidManifest.xml:35:13-76
102            android:directBootAware="false"
102-->[androidx.profileinstaller:profileinstaller:1.3.0] AndroidManifest.xml:36:13-44
103            android:enabled="true"
103-->[androidx.profileinstaller:profileinstaller:1.3.0] AndroidManifest.xml:37:13-35
104            android:exported="true"
104-->[androidx.profileinstaller:profileinstaller:1.3.0] AndroidManifest.xml:38:13-36
105            android:permission="android.permission.DUMP" >
105-->[androidx.profileinstaller:profileinstaller:1.3.0] AndroidManifest.xml:39:13-57
106            <intent-filter>
106-->[androidx.profileinstaller:profileinstaller:1.3.0] AndroidManifest.xml:40:13-42:29
107                <action android:name="androidx.profileinstaller.action.INSTALL_PROFILE" />
107-->[androidx.profileinstaller:profileinstaller:1.3.0] AndroidManifest.xml:41:17-91
107-->[androidx.profileinstaller:profileinstaller:1.3.0] AndroidManifest.xml:41:25-88
108            </intent-filter>
109            <intent-filter>
109-->[androidx.profileinstaller:profileinstaller:1.3.0] AndroidManifest.xml:43:13-45:29
110                <action android:name="androidx.profileinstaller.action.SKIP_FILE" />
110-->[androidx.profileinstaller:profileinstaller:1.3.0] AndroidManifest.xml:44:17-85
110-->[androidx.profileinstaller:profileinstaller:1.3.0] AndroidManifest.xml:44:25-82
111            </intent-filter>
112            <intent-filter>
112-->[androidx.profileinstaller:profileinstaller:1.3.0] AndroidManifest.xml:46:13-48:29
113                <action android:name="androidx.profileinstaller.action.SAVE_PROFILE" />
113-->[androidx.profileinstaller:profileinstaller:1.3.0] AndroidManifest.xml:47:17-88
113-->[androidx.profileinstaller:profileinstaller:1.3.0] AndroidManifest.xml:47:25-85
114            </intent-filter>
115            <intent-filter>
115-->[androidx.profileinstaller:profileinstaller:1.3.0] AndroidManifest.xml:49:13-51:29
116                <action android:name="androidx.profileinstaller.action.BENCHMARK_OPERATION" />
116-->[androidx.profileinstaller:profileinstaller:1.3.0] AndroidManifest.xml:50:17-95
116-->[androidx.profileinstaller:profileinstaller:1.3.0] AndroidManifest.xml:50:25-92
117            </intent-filter>
118        </receiver>
119    </application>
120
121</manifest>